#
# There is insufficient memory for the Java Runtime Environment to continue.
# Native memory allocation (malloc) failed to allocate 179536 bytes for Chunk::new
# Possible reasons:
#   The system is out of physical RAM or swap space
#   In 32 bit mode, the process size limit was hit
# Possible solutions:
#   Reduce memory load on the system
#   Increase physical memory or swap space
#   Check if swap backing store is full
#   Use 64 bit Java on a 64 bit OS
#   Decrease Java heap size (-Xmx/-Xms)
#   Decrease number of Java threads
#   Decrease Java thread stack sizes (-Xss)
#   Set larger code cache with -XX:ReservedCodeCacheSize=
# This output file may be truncated or incomplete.
#
#  Out of Memory Error (allocation.cpp:390), pid=7156, tid=0x0000000000001b70
#
# JRE version: Java(TM) SE Runtime Environment (8.0_101-b13) (build 1.8.0_101-b13)
# Java VM: Java HotSpot(TM) 64-Bit Server VM (25.101-b13 mixed mode windows-amd64 compressed oops)
# Failed to write core dump. Minidumps are not enabled by default on client versions of Windows
#

---------------  T H R E A D  ---------------

Current thread (0x00000000564ca000):  JavaThread "C2 CompilerThread1" daemon [_thread_in_native, id=7024, stack(0x0000000056de0000,0x0000000056ee0000)]

Stack: [0x0000000056de0000,0x0000000056ee0000]
[error occurred during error reporting (printing stack bounds), id 0xc0000005]

Native frames: (J=compiled Java code, j=interpreted, Vv=VM code, C=native code)


Current CompileTask:
C2:    858  648       4       com.android.dx.ssa.SsaBasicBlock::forEachInsn (37 bytes)


---------------  P R O C E S S  ---------------

Java Threads: ( => current thread )
  0x0000000056753800 JavaThread "pool-3-thread-1" [_thread_blocked, id=14856, stack(0x0000000057390000,0x0000000057490000)]
  0x0000000056752800 JavaThread "pool-2-thread-1" [_thread_blocked, id=4864, stack(0x00000000574b0000,0x00000000575b0000)]
  0x0000000056529800 JavaThread "Service Thread" daemon [_thread_blocked, id=14824, stack(0x0000000057260000,0x0000000057360000)]
  0x00000000564cb800 JavaThread "C1 CompilerThread2" daemon [_thread_in_native, id=14920, stack(0x0000000057060000,0x0000000057160000)]
=>0x00000000564ca000 JavaThread "C2 CompilerThread1" daemon [_thread_in_native, id=7024, stack(0x0000000056de0000,0x0000000056ee0000)]
  0x00000000564c2800 JavaThread "C2 CompilerThread0" daemon [_thread_in_native, id=9612, stack(0x00000000568c0000,0x00000000569c0000)]
  0x0000000055273000 JavaThread "Attach Listener" daemon [_thread_blocked, id=12088, stack(0x0000000056c20000,0x0000000056d20000)]
  0x0000000055271800 JavaThread "Signal Dispatcher" daemon [_thread_blocked, id=9228, stack(0x0000000056a70000,0x0000000056b70000)]
  0x0000000055259000 JavaThread "Finalizer" daemon [_thread_blocked, id=13880, stack(0x0000000056190000,0x0000000056290000)]
  0x0000000055211800 JavaThread "Reference Handler" daemon [_thread_blocked, id=15192, stack(0x00000000563c0000,0x00000000564c0000)]
  0x000000000233e000 JavaThread "main" [_thread_blocked, id=6184, stack(0x00000000024d0000,0x00000000025d0000)]

Other Threads:
  0x000000005520a000 VMThread [stack: 0x00000000562b0000,0x00000000563b0000] [id=9412]
  0x000000005654c800 WatcherThread [stack: 0x0000000056f50000,0x0000000057050000] [id=14764]

VM state:not at safepoint (normal execution)

VM Mutex/Monitor currently owned by a thread: None

Heap:
 PSYoungGen      total 76288K, used 15728K [0x00000000eab00000, 0x00000000f0000000, 0x0000000100000000)
  eden space 65536K, 24% used [0x00000000eab00000,0x00000000eba5c3b8,0x00000000eeb00000)
  from space 10752K, 0% used [0x00000000ef580000,0x00000000ef580000,0x00000000f0000000)
  to   space 10752K, 0% used [0x00000000eeb00000,0x00000000eeb00000,0x00000000ef580000)
 ParOldGen       total 175104K, used 0K [0x00000000c0000000, 0x00000000cab00000, 0x00000000eab00000)
  object space 175104K, 0% used [0x00000000c0000000,0x00000000c0000000,0x00000000cab00000)
 Metaspace       used 5587K, capacity 6704K, committed 6784K, reserved 1056768K
  class space    used 588K, capacity 616K, committed 640K, reserved 1048576K

Card table byte_map: [0x0000000011c60000,0x0000000011e70000] byte_map_base: 0x0000000011660000

Marking Bits: (ParMarkBitMap*) 0x000000006fe4a6d0
 Begin Bits: [0x0000000012680000, 0x0000000013680000)
 End Bits:   [0x0000000013680000, 0x0000000014680000)

Polling page: 0x0000000000150000

CodeCache: size=245760Kb used=2897Kb max_used=2897Kb free=242862Kb
 bounds [0x00000000028a0000, 0x0000000002b80000, 0x00000000118a0000]
 total_blobs=935 nmethods=671 adapters=176
 compilation: enabled

Compilation events (10 events):
Event: 0.840 Thread 0x00000000564c2800  651       4       java.util.HashSet::contains (9 bytes)
Event: 0.841 Thread 0x00000000564c2800 nmethod 651 0x0000000002b3fb50 code [0x0000000002b3fca0, 0x0000000002b3fd48]
Event: 0.841 Thread 0x00000000564c2800  653       4       java.util.ArrayList$Itr::<init> (6 bytes)
Event: 0.841 Thread 0x00000000564c2800 nmethod 653 0x0000000002b110d0 code [0x0000000002b11200, 0x0000000002b11278]
Event: 0.841 Thread 0x00000000564c2800  652       4       com.android.dx.ssa.SsaBasicBlock::isReachable (29 bytes)
Event: 0.842 Thread 0x00000000564c2800 nmethod 652 0x0000000002b3fe50 code [0x0000000002b3ff80, 0x0000000002b3fff8]
Event: 0.842 Thread 0x00000000564c2800  655       4       java.util.ArrayList::remove (69 bytes)
Event: 0.843 Thread 0x00000000564c2800 nmethod 655 0x0000000002b35d90 code [0x0000000002b35ee0, 0x0000000002b36078]
Event: 0.848 Thread 0x00000000564c2800  658       4       com.android.dx.rop.code.RegisterSpec::hashCodeOf (30 bytes)
Event: 0.851 Thread 0x00000000564cb800 nmethod 643 0x0000000002b41910 code [0x0000000002b42b80, 0x0000000002b516e8]

GC Heap History (0 events):
No events

Deoptimization events (1 events):
Event: 0.802 Thread 0x0000000056752800 Uncommon trap: reason=unstable_if action=reinterpret pc=0x0000000002a980f0 method=java.util.HashMap.getNode(ILjava/lang/Object;)Ljava/util/HashMap$Node; @ 62

Internal exceptions (2 events):
Event: 0.053 Thread 0x000000000233e000 Exception <a 'java/lang/NoSuchMethodError': Method sun.misc.Unsafe.defineClass(Ljava/lang/String;[BII)Ljava/lang/Class; name or signature does not match> (0x00000000eab07cc0) thrown at [C:\re\workspace\8-2-build-windows-amd64-cygwin\jdk8u101\7261\hotspot\s û·7÷ª?
Event: 0.053 Thread 0x000000000233e000 Exception <a 'java/lang/NoSuchMethodError': Method sun.misc.Unsafe.prefetchRead(Ljava/lang/Object;J)V name or signature does not match> (0x00000000eab07fa8) thrown at [C:\re\workspace\8-2-build-windows-amd64-cygwin\jdk8u101\7261\hotspot\src\share\vm\prims\

Events (10 events):
Event: 0.802 loading class java/util/HashMap$ValueIterator done
Event: 0.811 loading class java/util/DualPivotQuicksort
Event: 0.811 loading class java/util/DualPivotQuicksort done
Event: 0.812 loading class com/android/dx/dex/file/MethodAnnotationStruct
Event: 0.812 loading class com/android/dx/dex/file/MethodAnnotationStruct done
Event: 0.819 Thread 0x0000000056758000 Thread exited: 0x0000000056758000
Event: 0.841 loading class java/util/ArrayList$1
Event: 0.841 loading class java/util/ArrayList$1 done
Event: 0.849 Executing VM operation: ForceSafepoint
Event: 0.849 Executing VM operation: ForceSafepoint done


Dynamic libraries:
0x000000013fbb0000 - 0x000000013fbe7000 	C:\Program Files\Java\jdk1.8.0_101\bin\java.exe
0x00000000779e0000 - 0x0000000077b8a000 	C:\Windows\SYSTEM32\ntdll.dll
0x000007feef000000 - 0x000007feef033000 	C:\Program Files (x86)\AVG\Av\avghooka.dll
0x00000000777c0000 - 0x00000000778df000 	C:\Windows\system32\kernel32.dll
0x000007fefc730000 - 0x000007fefc79a000 	C:\Windows\system32\KERNELBASE.dll
0x000007fefc7a0000 - 0x000007fefc87b000 	C:\Windows\system32\ADVAPI32.dll
0x000007fefd760000 - 0x000007fefd7ff000 	C:\Windows\system32\msvcrt.dll
0x000007fefdb50000 - 0x000007fefdb6f000 	C:\Windows\SYSTEM32\sechost.dll
0x000007fefcce0000 - 0x000007fefce0d000 	C:\Windows\system32\RPCRT4.dll
0x00000000778e0000 - 0x00000000779da000 	C:\Windows\system32\USER32.dll
0x000007fefcc60000 - 0x000007fefccc7000 	C:\Windows\system32\GDI32.dll
0x000007fefd910000 - 0x000007fefd91e000 	C:\Windows\system32\LPK.dll
0x000007fefcb40000 - 0x000007fefcc0a000 	C:\Windows\system32\USP10.dll
0x000007fefae20000 - 0x000007fefb014000 	C:\Windows\WinSxS\amd64_microsoft.windows.common-controls_6595b64144ccf1df_6.0.7601.18837_none_fa3b1e3d17594757\COMCTL32.dll
0x000007fefdb70000 - 0x000007fefdbe1000 	C:\Windows\system32\SHLWAPI.dll
0x000007fefe980000 - 0x000007fefe9ae000 	C:\Windows\system32\IMM32.DLL
0x000007fefd800000 - 0x000007fefd909000 	C:\Windows\system32\MSCTF.dll
0x0000000079680000 - 0x0000000079752000 	C:\Program Files\Java\jdk1.8.0_101\jre\bin\msvcr100.dll
0x000000006f630000 - 0x000000006feca000 	C:\Program Files\Java\jdk1.8.0_101\jre\bin\server\jvm.dll
0x000007fef9050000 - 0x000007fef9059000 	C:\Windows\system32\WSOCK32.dll
0x000007fefcc10000 - 0x000007fefcc5d000 	C:\Windows\system32\WS2_32.dll
0x000007fefccd0000 - 0x000007fefccd8000 	C:\Windows\system32\NSI.dll
0x000007fef9060000 - 0x000007fef909b000 	C:\Windows\system32\WINMM.dll
0x000007fefbf80000 - 0x000007fefbf8c000 	C:\Windows\system32\VERSION.dll
0x0000000077ba0000 - 0x0000000077ba7000 	C:\Windows\system32\PSAPI.DLL
0x0000000074930000 - 0x000000007493f000 	C:\Program Files\Java\jdk1.8.0_101\jre\bin\verify.dll
0x000000006b270000 - 0x000000006b299000 	C:\Program Files\Java\jdk1.8.0_101\jre\bin\java.dll
0x00000000666b0000 - 0x00000000666c6000 	C:\Program Files\Java\jdk1.8.0_101\jre\bin\zip.dll
0x000007fefdbf0000 - 0x000007fefe979000 	C:\Windows\system32\SHELL32.dll
0x000007fefd260000 - 0x000007fefd463000 	C:\Windows\system32\ole32.dll
0x000007fefc3f0000 - 0x000007fefc3ff000 	C:\Windows\system32\profapi.dll

VM Arguments:
jvm_args: -Djava.awt.headless=true -Xmx1024M -Dfile.encoding=windows-1252 -Duser.country=US -Duser.language=en -Duser.variant 
java_command: com.android.dx.command.Main --dex --force-jumbo --num-threads=4 --multi-dex --output C:\Users\Marven\AndroidStudioProjects\3HOUSE\app\build\intermediates\transforms\dex\debug\folders\1000\10\com.android.support-animated-vector-drawable-24.2.1_7f3ffe857d19789eb42b734f78f866663609dcd9 C:\Users\Marven\AndroidStudioProjects\3HOUSE\app\build\intermediates\exploded-aar\com.android.support\animated-vector-drawable\24.2.1\jars\classes.jar
java_class_path (initial): C:\Users\Marven\AppData\Local\Android\sdk\build-tools\24.0.2\lib\dx.jar
Launcher Type: SUN_STANDARD

Environment Variables:
PATH=C:\ProgramData\Oracle\Java\javapath;C:\Program Files (x86)\Common Files\Microsoft Shared\Windows Live;C:\Program Files (x86)\Intel\iCLS Client\;C:\Program Files\Intel\iCLS Client\;C:\Program Files (x86)\AMD APP\bin\x86_64;C:\Program Files (x86)\AMD APP\bin\x86;C:\Windows\system32;C:\Windows;C:\Windows\System32\Wbem;C:\Windows\System32\WindowsPowerShell\v1.0\;C:\Program Files (x86)\ATI Technologies\ATI.ACE\Core-Static;C:\Program Files\Intel\Intel(R) Management Engine Components\DAL;C:\Program Files\Intel\Intel(R) Management Engine Components\IPT;C:\Program Files (x86)\Intel\Intel(R) Management Engine Components\DAL;C:\Program Files (x86)\Intel\Intel(R) Management Engine Components\IPT;C:\Program Files (x86)\Skype\Phone\;C:\Program Files\Common Files\Microsoft Shared\Windows Live
USERNAME=Marven
OS=Windows_NT
PROCESSOR_IDENTIFIER=Intel64 Family 6 Model 60 Stepping 3, GenuineIntel



---------------  S Y S T E M  ---------------

OS: Windows 7 , 64 bit Build 7601 (6.1.7601.23418)

CPU:total 4 (4 cores per cpu, 1 threads per core) family 6 model 60 stepping 3, cmov, cx8, fxsr, mmx, sse, sse2, sse3, ssse3, sse4.1, sse4.2, popcnt, avx, avx2, aes, clmul, erms, lzcnt, tsc, tscinvbit, bmi1, bmi2

Memory: 4k page, physical 16713956k(4427116k free), swap 16712096k(322412k free)

vm_info: Java HotSpot(TM) 64-Bit Server VM (25.101-b13) for windows-amd64 JRE (1.8.0_101-b13), built on Jun 22 2016 01:21:29 by "java_re" with MS VC++ 10.0 (VS2010)

time: Thu Sep 29 11:36:19 2016
elapsed time: 0 seconds (0d 0h 0m 0s)

