#
# There is insufficient memory for the Java Runtime Environment to continue.
# Native memory allocation (malloc) failed to allocate 214096 bytes for Chunk::new
# Possible reasons:
#   The system is out of physical RAM or swap space
#   In 32 bit mode, the process size limit was hit
# Possible solutions:
#   Reduce memory load on the system
#   Increase physical memory or swap space
#   Check if swap backing store is full
#   Use 64 bit Java on a 64 bit OS
#   Decrease Java heap size (-Xmx/-Xms)
#   Decrease number of Java threads
#   Decrease Java thread stack sizes (-Xss)
#   Set larger code cache with -XX:ReservedCodeCacheSize=
# This output file may be truncated or incomplete.
#
#  Out of Memory Error (allocation.cpp:390), pid=13888, tid=0x0000000000002ebc
#
# JRE version: Java(TM) SE Runtime Environment (8.0_101-b13) (build 1.8.0_101-b13)
# Java VM: Java HotSpot(TM) 64-Bit Server VM (25.101-b13 mixed mode windows-amd64 compressed oops)
# Failed to write core dump. Minidumps are not enabled by default on client versions of Windows
#

---------------  T H R E A D  ---------------

Current thread (0x0000000056abf000):  JavaThread "C2 CompilerThread1" daemon [_thread_in_native, id=11964, stack(0x00000000561d0000,0x00000000562d0000)]

Stack: [0x00000000561d0000,0x00000000562d0000]
[error occurred during error reporting (printing stack bounds), id 0xc0000005]

Native frames: (J=compiled Java code, j=interpreted, Vv=VM code, C=native code)


Current CompileTask:
C2:    866  867       4       com.android.dx.ssa.SsaBasicBlock::forEachInsn (37 bytes)


---------------  P R O C E S S  ---------------

Java Threads: ( => current thread )
  0x0000000056ded000 JavaThread "pool-2-thread-4" [_thread_blocked, id=12692, stack(0x0000000058280000,0x0000000058380000)]
  0x0000000056cfd000 JavaThread "pool-2-thread-3" [_thread_in_Java, id=7000, stack(0x0000000058180000,0x0000000058280000)]
  0x0000000057510800 JavaThread "pool-2-thread-2" [_thread_blocked, id=10392, stack(0x0000000058060000,0x0000000058160000)]
  0x00000000574fa800 JavaThread "pool-3-thread-1" [_thread_blocked, id=9036, stack(0x00000000572a0000,0x00000000573a0000)]
  0x0000000056e62800 JavaThread "pool-2-thread-1" [_thread_blocked, id=15208, stack(0x0000000057d80000,0x0000000057e80000)]
  0x0000000056ae2000 JavaThread "Service Thread" daemon [_thread_blocked, id=10260, stack(0x0000000057110000,0x0000000057210000)]
  0x0000000056ac0000 JavaThread "C1 CompilerThread2" daemon [_thread_in_native, id=15040, stack(0x0000000056f20000,0x0000000057020000)]
=>0x0000000056abf000 JavaThread "C2 CompilerThread1" daemon [_thread_in_native, id=11964, stack(0x00000000561d0000,0x00000000562d0000)]
  0x00000000552b7000 JavaThread "C2 CompilerThread0" daemon [_thread_in_native, id=14128, stack(0x0000000056970000,0x0000000056a70000)]
  0x00000000552b2800 JavaThread "Attach Listener" daemon [_thread_blocked, id=3676, stack(0x0000000056780000,0x0000000056880000)]
  0x00000000552b1000 JavaThread "Signal Dispatcher" daemon [_thread_blocked, id=14548, stack(0x0000000056650000,0x0000000056750000)]
  0x0000000055299800 JavaThread "Finalizer" daemon [_thread_blocked, id=10608, stack(0x00000000564e0000,0x00000000565e0000)]
  0x0000000055252000 JavaThread "Reference Handler" daemon [_thread_blocked, id=11004, stack(0x00000000562e0000,0x00000000563e0000)]
  0x000000000214e000 JavaThread "main" [_thread_blocked, id=11360, stack(0x00000000022c0000,0x00000000023c0000)]

Other Threads:
  0x000000005524a800 VMThread [stack: 0x00000000560d0000,0x00000000561d0000] [id=3684]
  0x0000000056aec000 WatcherThread [stack: 0x00000000573f0000,0x00000000574f0000] [id=15012]

VM state:not at safepoint (normal execution)

VM Mutex/Monitor currently owned by a thread: None

Heap:
 PSYoungGen      total 76288K, used 30149K [0x00000000eab00000, 0x00000000f0000000, 0x0000000100000000)
  eden space 65536K, 46% used [0x00000000eab00000,0x00000000ec871588,0x00000000eeb00000)
  from space 10752K, 0% used [0x00000000ef580000,0x00000000ef580000,0x00000000f0000000)
  to   space 10752K, 0% used [0x00000000eeb00000,0x00000000eeb00000,0x00000000ef580000)
 ParOldGen       total 175104K, used 0K [0x00000000c0000000, 0x00000000cab00000, 0x00000000eab00000)
  object space 175104K, 0% used [0x00000000c0000000,0x00000000c0000000,0x00000000cab00000)
 Metaspace       used 5751K, capacity 6832K, committed 7040K, reserved 1056768K
  class space    used 591K, capacity 616K, committed 640K, reserved 1048576K

Card table byte_map: [0x0000000011b20000,0x0000000011d30000] byte_map_base: 0x0000000011520000

Marking Bits: (ParMarkBitMap*) 0x00000000703ca6d0
 Begin Bits: [0x00000000126c0000, 0x00000000136c0000)
 End Bits:   [0x00000000136c0000, 0x00000000146c0000)

Polling page: 0x0000000000350000

CodeCache: size=245760Kb used=3482Kb max_used=3482Kb free=242278Kb
 bounds [0x0000000002760000, 0x0000000002ad0000, 0x0000000011760000]
 total_blobs=1148 nmethods=885 adapters=176
 compilation: enabled

Compilation events (10 events):
Event: 0.863 Thread 0x0000000056ac0000 nmethod 893 0x0000000002abe950 code [0x0000000002abebc0, 0x0000000002abfd78]
Event: 0.863 Thread 0x0000000056ac0000  903       3       com.android.dx.ssa.SsaMethod::indexListFromLabelList (47 bytes)
Event: 0.864 Thread 0x0000000056ac0000 nmethod 903 0x0000000002ac0490 code [0x0000000002ac0640, 0x0000000002ac0dd8]
Event: 0.864 Thread 0x0000000056ac0000  899       3       com.android.dx.rop.code.RegisterSpecSet::size (49 bytes)
Event: 0.864 Thread 0x0000000056ac0000 nmethod 899 0x0000000002ac1050 code [0x0000000002ac11c0, 0x0000000002ac1450]
Event: 0.864 Thread 0x0000000056ac0000  907       3       com.android.dx.ssa.SCCP::addUsersToWorklist (103 bytes)
Event: 0.864 Thread 0x0000000056ac0000 nmethod 907 0x0000000002ac1550 code [0x0000000002ac1820, 0x0000000002ac2cd8]
Event: 0.864 Thread 0x0000000056ac0000  911       3       com.android.dx.ssa.SsaRenamer$BlockRenamer::updateSuccessorPhis (64 bytes)
Event: 0.865 Thread 0x0000000056ac0000 nmethod 911 0x0000000002ac3810 code [0x0000000002ac3a20, 0x0000000002ac4388]
Event: 0.865 Thread 0x0000000056ac0000  892       3       com.android.dx.ssa.back.InterferenceGraph::ensureCapacity (42 bytes)

GC Heap History (0 events):
No events

Deoptimization events (8 events):
Event: 0.266 Thread 0x0000000056e62800 Uncommon trap: reason=unstable_if action=reinterpret pc=0x00000000028b13c4 method=java.lang.String.compareTo(Ljava/lang/String;)I @ 38
Event: 0.723 Thread 0x0000000056e62800 Uncommon trap: reason=class_check action=maybe_recompile pc=0x000000000298f380 method=com.android.dx.ssa.NormalSsaInsn.accept(Lcom/android/dx/ssa/SsaInsn$Visitor;)V @ 9
Event: 0.727 Thread 0x0000000056ded000 Uncommon trap: reason=class_check action=maybe_recompile pc=0x000000000298f380 method=com.android.dx.ssa.NormalSsaInsn.accept(Lcom/android/dx/ssa/SsaInsn$Visitor;)V @ 9
Event: 0.774 Thread 0x000000000214e000 Uncommon trap: reason=unstable_if action=reinterpret pc=0x0000000002978b34 method=java.util.HashMap.getNode(ILjava/lang/Object;)Ljava/util/HashMap$Node; @ 62
Event: 0.793 Thread 0x0000000056e62800 Uncommon trap: reason=class_check action=maybe_recompile pc=0x000000000298f380 method=com.android.dx.ssa.NormalSsaInsn.accept(Lcom/android/dx/ssa/SsaInsn$Visitor;)V @ 9
Event: 0.801 Thread 0x0000000057510800 Uncommon trap: reason=unstable_if action=reinterpret pc=0x000000000298dee0 method=java.util.BitSet.nextSetBit(I)I @ 87
Event: 0.835 Thread 0x0000000057510800 Uncommon trap: reason=class_check action=maybe_recompile pc=0x000000000298f380 method=com.android.dx.ssa.NormalSsaInsn.accept(Lcom/android/dx/ssa/SsaInsn$Visitor;)V @ 9
Event: 0.837 Thread 0x0000000057510800 Uncommon trap: reason=unstable_if action=reinterpret pc=0x0000000002a18b60 method=java.util.HashMap.getNode(ILjava/lang/Object;)Ljava/util/HashMap$Node; @ 129

Internal exceptions (2 events):
Event: 0.035 Thread 0x000000000214e000 Exception <a 'java/lang/NoSuchMethodError': Method sun.misc.Unsafe.defineClass(Ljava/lang/String;[BII)Ljava/lang/Class; name or signature does not match> (0x00000000eab07cc0) thrown at [C:\re\workspace\8-2-build-windows-amd64-cygwin\jdk8u101\7261\hotspot\s“{19…¢?
Event: 0.035 Thread 0x000000000214e000 Exception <a 'java/lang/NoSuchMethodError': Method sun.misc.Unsafe.prefetchRead(Ljava/lang/Object;J)V name or signature does not match> (0x00000000eab07fa8) thrown at [C:\re\workspace\8-2-build-windows-amd64-cygwin\jdk8u101\7261\hotspot\src\share\vm\prims\

Events (10 events):
Event: 0.835 loading class java/util/TreeMap$EntrySet
Event: 0.835 loading class java/util/TreeMap$EntrySet done
Event: 0.835 loading class java/util/TreeMap$EntryIterator
Event: 0.835 loading class java/util/TreeMap$EntryIterator done
Event: 0.835 Thread 0x0000000057510800 Uncommon trap: trap_request=0xffffffde fr.pc=0x000000000298f380
Event: 0.835 Thread 0x0000000057510800 DEOPT PACKING pc=0x000000000298f380 sp=0x000000005815ea20
Event: 0.835 Thread 0x0000000057510800 DEOPT UNPACKING pc=0x00000000027a582a sp=0x000000005815e960 mode 2
Event: 0.837 Thread 0x0000000057510800 Uncommon trap: trap_request=0xffffff65 fr.pc=0x0000000002a18b60
Event: 0.837 Thread 0x0000000057510800 DEOPT PACKING pc=0x0000000002a18b60 sp=0x000000005815e550
Event: 0.837 Thread 0x0000000057510800 DEOPT UNPACKING pc=0x00000000027a582a sp=0x000000005815e470 mode 2


Dynamic libraries:
0x000000013f8f0000 - 0x000000013f927000 	C:\Program Files\Java\jdk1.8.0_101\bin\java.exe
0x00000000779e0000 - 0x0000000077b8a000 	C:\Windows\SYSTEM32\ntdll.dll
0x000007feef000000 - 0x000007feef033000 	C:\Program Files (x86)\AVG\Av\avghooka.dll
0x00000000777c0000 - 0x00000000778df000 	C:\Windows\system32\kernel32.dll
0x000007fefc730000 - 0x000007fefc79a000 	C:\Windows\system32\KERNELBASE.dll
0x000007fefc7a0000 - 0x000007fefc87b000 	C:\Windows\system32\ADVAPI32.dll
0x000007fefd760000 - 0x000007fefd7ff000 	C:\Windows\system32\msvcrt.dll
0x000007fefdb50000 - 0x000007fefdb6f000 	C:\Windows\SYSTEM32\sechost.dll
0x000007fefcce0000 - 0x000007fefce0d000 	C:\Windows\system32\RPCRT4.dll
0x00000000778e0000 - 0x00000000779da000 	C:\Windows\system32\USER32.dll
0x000007fefcc60000 - 0x000007fefccc7000 	C:\Windows\system32\GDI32.dll
0x000007fefd910000 - 0x000007fefd91e000 	C:\Windows\system32\LPK.dll
0x000007fefcb40000 - 0x000007fefcc0a000 	C:\Windows\system32\USP10.dll
0x000007fefae20000 - 0x000007fefb014000 	C:\Windows\WinSxS\amd64_microsoft.windows.common-controls_6595b64144ccf1df_6.0.7601.18837_none_fa3b1e3d17594757\COMCTL32.dll
0x000007fefdb70000 - 0x000007fefdbe1000 	C:\Windows\system32\SHLWAPI.dll
0x000007fefe980000 - 0x000007fefe9ae000 	C:\Windows\system32\IMM32.DLL
0x000007fefd800000 - 0x000007fefd909000 	C:\Windows\system32\MSCTF.dll
0x0000000078850000 - 0x0000000078922000 	C:\Program Files\Java\jdk1.8.0_101\jre\bin\msvcr100.dll
0x000000006fbb0000 - 0x000000007044a000 	C:\Program Files\Java\jdk1.8.0_101\jre\bin\server\jvm.dll
0x000007fef9050000 - 0x000007fef9059000 	C:\Windows\system32\WSOCK32.dll
0x000007fefcc10000 - 0x000007fefcc5d000 	C:\Windows\system32\WS2_32.dll
0x000007fefccd0000 - 0x000007fefccd8000 	C:\Windows\system32\NSI.dll
0x000007fef9060000 - 0x000007fef909b000 	C:\Windows\system32\WINMM.dll
0x000007fefbf80000 - 0x000007fefbf8c000 	C:\Windows\system32\VERSION.dll
0x0000000077ba0000 - 0x0000000077ba7000 	C:\Windows\system32\PSAPI.DLL
0x0000000074930000 - 0x000000007493f000 	C:\Program Files\Java\jdk1.8.0_101\jre\bin\verify.dll
0x000000006b270000 - 0x000000006b299000 	C:\Program Files\Java\jdk1.8.0_101\jre\bin\java.dll
0x00000000666b0000 - 0x00000000666c6000 	C:\Program Files\Java\jdk1.8.0_101\jre\bin\zip.dll
0x000007fefdbf0000 - 0x000007fefe979000 	C:\Windows\system32\SHELL32.dll
0x000007fefd260000 - 0x000007fefd463000 	C:\Windows\system32\ole32.dll
0x000007fefc3f0000 - 0x000007fefc3ff000 	C:\Windows\system32\profapi.dll

VM Arguments:
jvm_args: -Djava.awt.headless=true -Xmx1024M -Dfile.encoding=windows-1252 -Duser.country=US -Duser.language=en -Duser.variant 
java_command: com.android.dx.command.Main --dex --force-jumbo --num-threads=4 --multi-dex --output C:\Users\Marven\AndroidStudioProjects\3HOUSE\app\build\intermediates\transforms\dex\debug\folders\1000\10\com.android.support-support-compat-24.2.1_ae2db7a3dd80a4757aa77af7ee33a4d7631ad975 C:\Users\Marven\AndroidStudioProjects\3HOUSE\app\build\intermediates\exploded-aar\com.android.support\support-compat\24.2.1\jars\classes.jar
java_class_path (initial): C:\Users\Marven\AppData\Local\Android\sdk\build-tools\24.0.2\lib\dx.jar
Launcher Type: SUN_STANDARD

Environment Variables:
PATH=C:\ProgramData\Oracle\Java\javapath;C:\Program Files (x86)\Common Files\Microsoft Shared\Windows Live;C:\Program Files (x86)\Intel\iCLS Client\;C:\Program Files\Intel\iCLS Client\;C:\Program Files (x86)\AMD APP\bin\x86_64;C:\Program Files (x86)\AMD APP\bin\x86;C:\Windows\system32;C:\Windows;C:\Windows\System32\Wbem;C:\Windows\System32\WindowsPowerShell\v1.0\;C:\Program Files (x86)\ATI Technologies\ATI.ACE\Core-Static;C:\Program Files\Intel\Intel(R) Management Engine Components\DAL;C:\Program Files\Intel\Intel(R) Management Engine Components\IPT;C:\Program Files (x86)\Intel\Intel(R) Management Engine Components\DAL;C:\Program Files (x86)\Intel\Intel(R) Management Engine Components\IPT;C:\Program Files (x86)\Skype\Phone\;C:\Program Files\Common Files\Microsoft Shared\Windows Live
USERNAME=Marven
OS=Windows_NT
PROCESSOR_IDENTIFIER=Intel64 Family 6 Model 60 Stepping 3, GenuineIntel



---------------  S Y S T E M  ---------------

OS: Windows 7 , 64 bit Build 7601 (6.1.7601.23418)

CPU:total 4 (4 cores per cpu, 1 threads per core) family 6 model 60 stepping 3, cmov, cx8, fxsr, mmx, sse, sse2, sse3, ssse3, sse4.1, sse4.2, popcnt, avx, avx2, aes, clmul, erms, lzcnt, tsc, tscinvbit, bmi1, bmi2

Memory: 4k page, physical 16713956k(5017780k free), swap 16712096k(5156k free)

vm_info: Java HotSpot(TM) 64-Bit Server VM (25.101-b13) for windows-amd64 JRE (1.8.0_101-b13), built on Jun 22 2016 01:21:29 by "java_re" with MS VC++ 10.0 (VS2010)

time: Thu Sep 29 13:01:41 2016
elapsed time: 0 seconds (0d 0h 0m 0s)

