#
# There is insufficient memory for the Java Runtime Environment to continue.
# Native memory allocation (malloc) failed to allocate 44016 bytes for Chunk::new
# Possible reasons:
#   The system is out of physical RAM or swap space
#   In 32 bit mode, the process size limit was hit
# Possible solutions:
#   Reduce memory load on the system
#   Increase physical memory or swap space
#   Check if swap backing store is full
#   Use 64 bit Java on a 64 bit OS
#   Decrease Java heap size (-Xmx/-Xms)
#   Decrease number of Java threads
#   Decrease Java thread stack sizes (-Xss)
#   Set larger code cache with -XX:ReservedCodeCacheSize=
# This output file may be truncated or incomplete.
#
#  Out of Memory Error (allocation.cpp:390), pid=12752, tid=0x000000000000088c
#
# JRE version: Java(TM) SE Runtime Environment (8.0_101-b13) (build 1.8.0_101-b13)
# Java VM: Java HotSpot(TM) 64-Bit Server VM (25.101-b13 mixed mode windows-amd64 compressed oops)
# Failed to write core dump. Minidumps are not enabled by default on client versions of Windows
#

---------------  T H R E A D  ---------------

Current thread (0x0000000054ed2800):  JavaThread "C2 CompilerThread0" daemon [_thread_in_native, id=2188, stack(0x0000000056730000,0x0000000056830000)]

Stack: [0x0000000056730000,0x0000000056830000]
[error occurred during error reporting (printing stack bounds), id 0xc0000005]

Native frames: (J=compiled Java code, j=interpreted, Vv=VM code, C=native code)


Current CompileTask:
C2:   1325  914       4       com.android.dx.rop.code.BasicBlockList$RegCountVisitor::visit (52 bytes)


---------------  P R O C E S S  ---------------

Java Threads: ( => current thread )
  0x0000000057d7a800 JavaThread "pool-1-thread-1" [_thread_new, id=8908, stack(0x0000000000000000,0x0000000000000000)]
  0x0000000056bb7800 JavaThread "Service Thread" daemon [_thread_blocked, id=14844, stack(0x0000000056fd0000,0x00000000570d0000)]
  0x0000000054ed8000 JavaThread "C1 CompilerThread2" daemon [_thread_blocked, id=7820, stack(0x0000000056a50000,0x0000000056b50000)]
  0x0000000054ed6800 JavaThread "C2 CompilerThread1" daemon [_thread_in_native, id=7572, stack(0x0000000056920000,0x0000000056a20000)]
=>0x0000000054ed2800 JavaThread "C2 CompilerThread0" daemon [_thread_in_native, id=2188, stack(0x0000000056730000,0x0000000056830000)]
  0x0000000054ede800 JavaThread "Attach Listener" daemon [_thread_blocked, id=14184, stack(0x0000000056510000,0x0000000056610000)]
  0x0000000054edd800 JavaThread "Signal Dispatcher" daemon [_thread_blocked, id=8424, stack(0x0000000056330000,0x0000000056430000)]
  0x0000000054eb9000 JavaThread "Finalizer" daemon [_thread_blocked, id=15240, stack(0x0000000056210000,0x0000000056310000)]
  0x0000000054e71800 JavaThread "Reference Handler" daemon [_thread_blocked, id=13780, stack(0x0000000055f00000,0x0000000056000000)]
  0x000000000210e000 JavaThread "main" [_thread_blocked, id=6160, stack(0x0000000002210000,0x0000000002310000)]

Other Threads:
  0x0000000054e6a000 VMThread [stack: 0x0000000056010000,0x0000000056110000] [id=10292]
  0x0000000056bda000 WatcherThread [stack: 0x0000000057260000,0x0000000057360000] [id=11248]

VM state:not at safepoint (normal execution)

VM Mutex/Monitor currently owned by a thread: None

Heap:
 PSYoungGen      total 76288K, used 23594K [0x00000000eab00000, 0x00000000f0000000, 0x0000000100000000)
  eden space 65536K, 36% used [0x00000000eab00000,0x00000000ec20a968,0x00000000eeb00000)
  from space 10752K, 0% used [0x00000000ef580000,0x00000000ef580000,0x00000000f0000000)
  to   space 10752K, 0% used [0x00000000eeb00000,0x00000000eeb00000,0x00000000ef580000)
 ParOldGen       total 175104K, used 0K [0x00000000c0000000, 0x00000000cab00000, 0x00000000eab00000)
  object space 175104K, 0% used [0x00000000c0000000,0x00000000c0000000,0x00000000cab00000)
 Metaspace       used 5636K, capacity 6768K, committed 7040K, reserved 1056768K
  class space    used 578K, capacity 616K, committed 640K, reserved 1048576K

Card table byte_map: [0x0000000011a20000,0x0000000011c30000] byte_map_base: 0x0000000011420000

Marking Bits: (ParMarkBitMap*) 0x00000000703ca6d0
 Begin Bits: [0x00000000122e0000, 0x00000000132e0000)
 End Bits:   [0x00000000132e0000, 0x00000000142e0000)

Polling page: 0x0000000000450000

CodeCache: size=245760Kb used=3756Kb max_used=3761Kb free=242003Kb
 bounds [0x0000000002660000, 0x0000000002a10000, 0x0000000011660000]
 total_blobs=1188 nmethods=926 adapters=174
 compilation: enabled

Compilation events (10 events):
Event: 1.322 Thread 0x0000000054ed8000 nmethod 930 0x0000000002a0c590 code [0x0000000002a0c700, 0x0000000002a0c9e8]
Event: 1.322 Thread 0x0000000054ed8000  913       3       com.android.dx.rop.type.StdTypeList::getType (6 bytes)
Event: 1.322 Thread 0x0000000054ed8000 nmethod 913 0x0000000002a0ca90 code [0x0000000002a0cc00, 0x0000000002a0cfc8]
Event: 1.322 Thread 0x0000000054ed8000  907       3       com.android.dx.rop.type.Type::isUninitialized (13 bytes)
Event: 1.323 Thread 0x0000000054ed8000 nmethod 907 0x0000000002a0d0d0 code [0x0000000002a0d220, 0x0000000002a0d3d0]
Event: 1.323 Thread 0x0000000054ed8000  931       1       java.util.concurrent.locks.AbstractQueuedSynchronizer::getState (5 bytes)
Event: 1.323 Thread 0x0000000054ed8000 nmethod 931 0x0000000002a0d450 code [0x0000000002a0d5a0, 0x0000000002a0d6b0]
Event: 1.323 Thread 0x0000000054ed8000  932       1       java.util.concurrent.locks.AbstractOwnableSynchronizer::getExclusiveOwnerThread (5 bytes)
Event: 1.323 Thread 0x0000000054ed8000 nmethod 932 0x0000000002a0d710 code [0x0000000002a0d860, 0x0000000002a0d970]
Event: 1.324 Thread 0x0000000054ed2800  914       4       com.android.dx.rop.code.BasicBlockList$RegCountVisitor::visit (52 bytes)

GC Heap History (0 events):
No events

Deoptimization events (6 events):
Event: 0.998 Thread 0x0000000056cc4800 Uncommon trap: reason=class_check action=maybe_recompile pc=0x0000000002851f24 method=com.android.dx.rop.cst.CstMemberRef.compareTo0(Lcom/android/dx/rop/cst/Constant;)I @ 1
Event: 1.002 Thread 0x0000000056e09000 Uncommon trap: reason=class_check action=maybe_recompile pc=0x0000000002851f24 method=com.android.dx.rop.cst.CstMemberRef.compareTo0(Lcom/android/dx/rop/cst/Constant;)I @ 1
Event: 1.002 Thread 0x0000000056e09000 Uncommon trap: reason=class_check action=maybe_recompile pc=0x0000000002851f24 method=com.android.dx.rop.cst.CstMemberRef.compareTo0(Lcom/android/dx/rop/cst/Constant;)I @ 1
Event: 1.004 Thread 0x000000000210e000 Uncommon trap: reason=class_check action=maybe_recompile pc=0x0000000002851f24 method=com.android.dx.rop.cst.CstMemberRef.compareTo0(Lcom/android/dx/rop/cst/Constant;)I @ 1
Event: 1.008 Thread 0x0000000056cc4800 Uncommon trap: reason=unstable_if action=reinterpret pc=0x000000000287e76c method=java.util.HashMap.getNode(ILjava/lang/Object;)Ljava/util/HashMap$Node; @ 62
Event: 1.021 Thread 0x0000000056cc4800 Uncommon trap: reason=unstable_if action=reinterpret pc=0x00000000028569a8 method=com.android.dx.rop.cst.CstFieldRef.compareTo0(Lcom/android/dx/rop/cst/Constant;)I @ 7

Internal exceptions (2 events):
Event: 0.047 Thread 0x000000000210e000 Exception <a 'java/lang/NoSuchMethodError': Method sun.misc.Unsafe.defineClass(Ljava/lang/String;[BII)Ljava/lang/Class; name or signature does not match> (0x00000000eab07cc0) thrown at [C:\re\workspace\8-2-build-windows-amd64-cygwin\jdk8u101\7261\hotspot\sÒâiø§?
Event: 0.047 Thread 0x000000000210e000 Exception <a 'java/lang/NoSuchMethodError': Method sun.misc.Unsafe.prefetchRead(Ljava/lang/Object;J)V name or signature does not match> (0x00000000eab07fa8) thrown at [C:\re\workspace\8-2-build-windows-amd64-cygwin\jdk8u101\7261\hotspot\src\share\vm\prims\

Events (10 events):
Event: 1.142 loading class java/util/HashMap$KeyIterator
Event: 1.142 loading class java/util/HashMap$KeyIterator done
Event: 1.212 Thread 0x0000000056cc4800 Thread exited: 0x0000000056cc4800
Event: 1.236 Thread 0x0000000056e09000 Thread exited: 0x0000000056e09000
Event: 1.255 Thread 0x0000000056cd1000 Thread exited: 0x0000000056cd1000
Event: 1.318 Thread 0x0000000056cbf000 Thread exited: 0x0000000056cbf000
Event: 1.322 loading class com/android/dx/command/dexer/Main$DexWriter
Event: 1.322 loading class com/android/dx/command/dexer/Main$DexWriter done
Event: 1.322 Thread 0x0000000057d7a800 Thread added: 0x0000000057d7a800
Event: 1.322 Thread 0x0000000056ca7000 Thread exited: 0x0000000056ca7000


Dynamic libraries:
0x000000013f8f0000 - 0x000000013f927000 	C:\Program Files\Java\jdk1.8.0_101\bin\java.exe
0x00000000779e0000 - 0x0000000077b8a000 	C:\Windows\SYSTEM32\ntdll.dll
0x000007feef000000 - 0x000007feef033000 	C:\Program Files (x86)\AVG\Av\avghooka.dll
0x00000000777c0000 - 0x00000000778df000 	C:\Windows\system32\kernel32.dll
0x000007fefc730000 - 0x000007fefc79a000 	C:\Windows\system32\KERNELBASE.dll
0x000007fefc7a0000 - 0x000007fefc87b000 	C:\Windows\system32\ADVAPI32.dll
0x000007fefd760000 - 0x000007fefd7ff000 	C:\Windows\system32\msvcrt.dll
0x000007fefdb50000 - 0x000007fefdb6f000 	C:\Windows\SYSTEM32\sechost.dll
0x000007fefcce0000 - 0x000007fefce0d000 	C:\Windows\system32\RPCRT4.dll
0x00000000778e0000 - 0x00000000779da000 	C:\Windows\system32\USER32.dll
0x000007fefcc60000 - 0x000007fefccc7000 	C:\Windows\system32\GDI32.dll
0x000007fefd910000 - 0x000007fefd91e000 	C:\Windows\system32\LPK.dll
0x000007fefcb40000 - 0x000007fefcc0a000 	C:\Windows\system32\USP10.dll
0x000007fefae20000 - 0x000007fefb014000 	C:\Windows\WinSxS\amd64_microsoft.windows.common-controls_6595b64144ccf1df_6.0.7601.18837_none_fa3b1e3d17594757\COMCTL32.dll
0x000007fefdb70000 - 0x000007fefdbe1000 	C:\Windows\system32\SHLWAPI.dll
0x000007fefe980000 - 0x000007fefe9ae000 	C:\Windows\system32\IMM32.DLL
0x000007fefd800000 - 0x000007fefd909000 	C:\Windows\system32\MSCTF.dll
0x0000000078850000 - 0x0000000078922000 	C:\Program Files\Java\jdk1.8.0_101\jre\bin\msvcr100.dll
0x000000006fbb0000 - 0x000000007044a000 	C:\Program Files\Java\jdk1.8.0_101\jre\bin\server\jvm.dll
0x000007fef9050000 - 0x000007fef9059000 	C:\Windows\system32\WSOCK32.dll
0x000007fefcc10000 - 0x000007fefcc5d000 	C:\Windows\system32\WS2_32.dll
0x000007fefccd0000 - 0x000007fefccd8000 	C:\Windows\system32\NSI.dll
0x000007fef9060000 - 0x000007fef909b000 	C:\Windows\system32\WINMM.dll
0x000007fefbf80000 - 0x000007fefbf8c000 	C:\Windows\system32\VERSION.dll
0x0000000077ba0000 - 0x0000000077ba7000 	C:\Windows\system32\PSAPI.DLL
0x0000000074930000 - 0x000000007493f000 	C:\Program Files\Java\jdk1.8.0_101\jre\bin\verify.dll
0x000000006b270000 - 0x000000006b299000 	C:\Program Files\Java\jdk1.8.0_101\jre\bin\java.dll
0x00000000666b0000 - 0x00000000666c6000 	C:\Program Files\Java\jdk1.8.0_101\jre\bin\zip.dll
0x000007fefdbf0000 - 0x000007fefe979000 	C:\Windows\system32\SHELL32.dll
0x000007fefd260000 - 0x000007fefd463000 	C:\Windows\system32\ole32.dll
0x000007fefc3f0000 - 0x000007fefc3ff000 	C:\Windows\system32\profapi.dll

VM Arguments:
jvm_args: -Djava.awt.headless=true -Xmx1024M -Dfile.encoding=windows-1252 -Duser.country=US -Duser.language=en -Duser.variant 
java_command: com.android.dx.command.Main --dex --force-jumbo --num-threads=4 --multi-dex --output C:\Users\Marven\AndroidStudioProjects\3HOUSE\app\build\intermediates\transforms\dex\debug\folders\1000\5\slice_2 C:\Users\Marven\AndroidStudioProjects\3HOUSE\app\build\intermediates\transforms\instantRunSlicer\debug\folders\1\5\slice_2
java_class_path (initial): C:\Users\Marven\AppData\Local\Android\sdk\build-tools\24.0.2\lib\dx.jar
Launcher Type: SUN_STANDARD

Environment Variables:
PATH=C:\ProgramData\Oracle\Java\javapath;C:\Program Files (x86)\Common Files\Microsoft Shared\Windows Live;C:\Program Files (x86)\Intel\iCLS Client\;C:\Program Files\Intel\iCLS Client\;C:\Program Files (x86)\AMD APP\bin\x86_64;C:\Program Files (x86)\AMD APP\bin\x86;C:\Windows\system32;C:\Windows;C:\Windows\System32\Wbem;C:\Windows\System32\WindowsPowerShell\v1.0\;C:\Program Files (x86)\ATI Technologies\ATI.ACE\Core-Static;C:\Program Files\Intel\Intel(R) Management Engine Components\DAL;C:\Program Files\Intel\Intel(R) Management Engine Components\IPT;C:\Program Files (x86)\Intel\Intel(R) Management Engine Components\DAL;C:\Program Files (x86)\Intel\Intel(R) Management Engine Components\IPT;C:\Program Files (x86)\Skype\Phone\;C:\Program Files\Common Files\Microsoft Shared\Windows Live
USERNAME=Marven
OS=Windows_NT
PROCESSOR_IDENTIFIER=Intel64 Family 6 Model 60 Stepping 3, GenuineIntel



---------------  S Y S T E M  ---------------

OS: Windows 7 , 64 bit Build 7601 (6.1.7601.23418)

CPU:total 4 (4 cores per cpu, 1 threads per core) family 6 model 60 stepping 3, cmov, cx8, fxsr, mmx, sse, sse2, sse3, ssse3, sse4.1, sse4.2, popcnt, avx, avx2, aes, clmul, erms, lzcnt, tsc, tscinvbit, bmi1, bmi2

Memory: 4k page, physical 16713956k(5020664k free), swap 16712096k(100000k free)

vm_info: Java HotSpot(TM) 64-Bit Server VM (25.101-b13) for windows-amd64 JRE (1.8.0_101-b13), built on Jun 22 2016 01:21:29 by "java_re" with MS VC++ 10.0 (VS2010)

time: Thu Sep 29 13:01:41 2016
elapsed time: 1 seconds (0d 0h 0m 1s)

